setting 'ivy.default.settings.dir' to 'jar:file:/opt/sbt/bin/sbt-launch.jar!/org/apache/ivy/core/settings'
setting 'ivy.basedir' to '/opt/talkyard/app/.'
setting 'ivy.default.conf.dir' to 'jar:file:/opt/sbt/bin/sbt-launch.jar!/org/apache/ivy/core/settings'
impossible to define new type: class not found: org.apache.ivy.plugins.resolver.SshResolver in [] nor Ivy classloader
impossible to define new type: class not found: org.apache.ivy.plugins.resolver.VsftpResolver in [] nor Ivy classloader
impossible to define new type: class not found: org.apache.ivy.plugins.version.PatternVersionMatcher in [] nor Ivy classloader
impossible to define new type: class not found: org.apache.ivy.plugins.trigger.LogTrigger in [] nor Ivy classloader
impossible to define new type: class not found: org.apache.ivy.ant.AntBuildTrigger in [] nor Ivy classloader
impossible to define new type: class not found: org.apache.ivy.plugins.resolver.IvyRepResolver in [] nor Ivy classloader
impossible to define new type: class not found: org.apache.ivy.plugins.signer.bouncycastle.OpenPGPSignatureGenerator in [] nor Ivy classloader
impossible to define new type: class not found: org.apache.ivy.plugins.conflict.RegexpConflictManager in [] nor Ivy classloader
impossible to define new type: class not found: org.apache.ivy.plugins.resolver.SFTPResolver in [] nor Ivy classloader
impossible to define new type: class not found: org.apache.ivy.osgi.updatesite.UpdateSiteResolver in [] nor Ivy classloader
impossible to define new type: class not found: org.apache.ivy.ant.AntCallTrigger in [] nor Ivy classloader
impossible to define new type: class not found: org.apache.ivy.plugins.resolver.MirroredURLResolver in [] nor Ivy classloader
impossible to define new type: class not found: org.apache.ivy.plugins.resolver.packager.PackagerResolver in [] nor Ivy classloader
impossible to define new type: class not found: org.apache.ivy.plugins.resolver.DualResolver in [] nor Ivy classloader
impossible to define new type: class not found: org.apache.ivy.plugins.resolver.VfsResolver in [] nor Ivy classloader
impossible to define new type: class not found: org.apache.ivy.plugins.resolver.JarResolver in [] nor Ivy classloader
impossible to define new type: class not found: org.apache.ivy.osgi.obr.OBRResolver in [] nor Ivy classloader
impossible to define glob matcher: org.apache.ivy.plugins.matcher.GlobPatternMatcher was not found.
setting 'jline.esc.timeout' to '0'
setting 'com.sun.management.jmxremote.authenticate' to 'false'
setting 'java.runtime.name' to 'OpenJDK Runtime Environment'
setting 'sun.boot.library.path' to '/usr/lib/jvm/java-1.8-openjdk/jre/lib/amd64'
setting 'java.vm.version' to '25.212-b04'
setting 'java.vm.vendor' to 'IcedTea'
setting 'java.vendor.url' to 'https://icedtea.classpath.org'
setting 'java.rmi.server.randomIDs' to 'true'
setting 'path.separator' to ':'
setting 'java.vm.name' to 'OpenJDK 64-Bit Server VM'
setting 'file.encoding.pkg' to 'sun.io'
setting 'user.country' to 'US'
setting 'sun.java.launcher' to 'SUN_STANDARD'
setting 'sun.os.patch.level' to 'unknown'
setting 'com.sun.management.jmxremote.port' to '3333'
setting 'java.vm.specification.name' to 'Java Virtual Machine Specification'
setting 'user.dir' to '/opt/talkyard/app'
setting 'java.runtime.version' to '1.8.0_212-b04'
setting 'java.awt.graphicsenv' to 'sun.awt.X11GraphicsEnvironment'
setting 'java.endorsed.dirs' to '/usr/lib/jvm/java-1.8-openjdk/jre/lib/endorsed'
setting 'os.arch' to 'amd64'
setting 'java.io.tmpdir' to '/tmp'
setting 'line.separator' to '
'
setting 'java.vm.specification.vendor' to 'Oracle Corporation'
setting 'os.name' to 'Linux'
setting 'config.file' to '/opt/talkyard/app/conf/app-dev.conf'
setting 'https.protocols' to 'TLSv1.1,TLSv1.2'
setting 'sun.jnu.encoding' to 'UTF-8'
setting 'jdk.tls.client.protocols' to 'TLSv1.1,TLSv1.2'
setting 'java.library.path' to '/usr/lib/jvm/java-1.8-openjdk/jre/lib/amd64/server:/usr/lib/jvm/java-1.8-openjdk/jre/lib/amd64:/usr/lib/jvm/java-1.8-openjdk/jre/../lib/amd64:/usr/java/packages/lib/amd64:/usr/lib64:/lib64:/lib:/usr/lib'
setting 'java.specification.name' to 'Java Platform API Specification'
setting 'java.class.version' to '52.0'
setting 'sun.management.compiler' to 'HotSpot 64-Bit Tiered Compilers'
setting 'os.version' to '4.19.155-1.pvops.qubes.x86_64'
setting 'user.home' to '/home/owner'
setting 'user.timezone' to 'GMT'
setting 'java.awt.printerjob' to 'sun.print.PSPrinterJob'
setting 'file.encoding' to 'UTF-8'
setting 'java.specification.version' to '1.8'
setting 'http.port' to '9000'
setting 'deployment.security.SSLv2Hello' to 'false'
setting 'java.class.path' to '/opt/sbt/bin/sbt-launch.jar'
setting 'user.name' to 'owner'
setting 'jline.shutdownhook' to 'false'
setting 'java.vm.specification.version' to '1.8'
setting 'sun.java.command' to '/opt/sbt/bin/sbt-launch.jar'
setting 'java.home' to '/usr/lib/jvm/java-1.8-openjdk/jre'
setting 'sun.arch.data.model' to '64'
setting 'user.language' to 'en'
setting 'java.specification.vendor' to 'Oracle Corporation'
setting 'awt.toolkit' to 'sun.awt.X11.XToolkit'
setting 'com.sun.management.jmxremote.ssl' to 'false'
setting 'java.vm.info' to 'mixed mode'
setting 'java.version' to '1.8.0_212'
setting 'java.ext.dirs' to '/usr/lib/jvm/java-1.8-openjdk/jre/lib/ext:/usr/java/packages/lib/ext'
setting 'sun.boot.class.path' to '/usr/lib/jvm/java-1.8-openjdk/jre/lib/resources.jar:/usr/lib/jvm/java-1.8-openjdk/jre/lib/rt.jar:/usr/lib/jvm/java-1.8-openjdk/jre/lib/sunrsasign.jar:/usr/lib/jvm/java-1.8-openjdk/jre/lib/jsse.jar:/usr/lib/jvm/java-1.8-openjdk/jre/lib/jce.jar:/usr/lib/jvm/java-1.8-openjdk/jre/lib/charsets.jar:/usr/lib/jvm/java-1.8-openjdk/jre/lib/jfr.jar:/usr/lib/jvm/java-1.8-openjdk/jre/classes'
setting 'https.port' to '9443'
setting 'java.vendor' to 'IcedTea'
setting 'file.separator' to '/'
setting 'java.vendor.url.bug' to 'https://icedtea.classpath.org/bugzilla'
setting 'sun.io.unicode.encoding' to 'UnicodeLittle'
setting 'sun.cpu.endian' to 'little'
setting 'deployment.security.SSLv3' to 'false'
setting 'sun.cpu.isalist' to ''
setting 'ivy.default.ivy.user.dir' to '/home/owner/.ivy2'
setting 'ivy.home' to '/home/owner/.ivy2'
setting 'ivy.cache.dir' to '/home/owner/.ivy2/cache'
no default cache defined: set to /home/owner/.ivy2/cache
setting 'ivy.checksums' to 'sha1,md5'
setting 'ivy.basedir' to '/home/owner/.sbt/boot'
setting 'basedir' to '/home/owner/.sbt/boot'
setting 'scala' to '2.12.12'
:: resolving dependencies :: org.scala-sbt#boot-scala;1.0
	confs: [default]
	validate = true
	refresh = false
resolving dependencies for configuration 'default'
== resolving dependencies for org.scala-sbt#boot-scala;1.0 [default]
loadData of org.scala-sbt#boot-scala;1.0 of rootConf=default
== resolving dependencies org.scala-sbt#boot-scala;1.0->org.scala-lang#scala-compiler;2.12.12 [default->default]
loadData of org.scala-lang#scala-compiler;2.12.12 of rootConf=default
	using redefined-public to resolve org.scala-lang#scala-compiler;2.12.12
redefined-public: Checking cache for: dependency: org.scala-lang#scala-compiler;2.12.12 {default=[default, optional(default)]}
redefined-public: no namespace defined: using system
No entry is found in the ModuleDescriptorCache : /home/owner/.ivy2/cache/org.scala-lang/scala-compiler/ivy-2.12.12.xml
post 1.3 ivy file: using exact as default matcher
	resolver not found: null => trying to use the one configured for org.scala-lang#scala-compiler;2.12.12
	configured resolver found for org.scala-lang#scala-compiler;2.12.12: redefined-public: saving this data
	found ivy file in cache for org.scala-lang#scala-compiler;2.12.12 (resolved by redefined-public): /home/owner/.ivy2/cache/org.scala-lang/scala-compiler/ivy-2.12.12.xml
redefined-public: module revision found in cache: org.scala-lang#scala-compiler;2.12.12
redefined-public: no latest strategy defined: using default
	found org.scala-lang#scala-compiler;2.12.12 in redefined-public
== resolving dependencies org.scala-sbt#boot-scala;1.0->org.scala-lang#scala-compiler;2.12.12 [default->runtime]
loadData of org.scala-lang#scala-compiler;2.12.12 of rootConf=default
== resolving dependencies org.scala-sbt#boot-scala;1.0->org.scala-lang#scala-compiler;2.12.12 [default->compile]
loadData of org.scala-lang#scala-compiler;2.12.12 of rootConf=default
== resolving dependencies org.scala-lang#scala-compiler;2.12.12->org.scala-lang#scala-library;2.12.12 [compile->master(*)]
loadData of org.scala-lang#scala-library;2.12.12 of rootConf=default
	using redefined-public to resolve org.scala-lang#scala-library;2.12.12
redefined-public: Checking cache for: dependency: org.scala-lang#scala-library;2.12.12 {compile=[compile(*), master(*)], runtime=[runtime(*)]}
No entry is found in the ModuleDescriptorCache : /home/owner/.ivy2/cache/org.scala-lang/scala-library/ivy-2.12.12.xml
post 1.3 ivy file: using exact as default matcher
	resolver not found: null => trying to use the one configured for org.scala-lang#scala-library;2.12.12
	configured resolver found for org.scala-lang#scala-library;2.12.12: redefined-public: saving this data
	found ivy file in cache for org.scala-lang#scala-library;2.12.12 (resolved by redefined-public): /home/owner/.ivy2/cache/org.scala-lang/scala-library/ivy-2.12.12.xml
redefined-public: module revision found in cache: org.scala-lang#scala-library;2.12.12
	found org.scala-lang#scala-library;2.12.12 in redefined-public
== resolving dependencies org.scala-lang#scala-compiler;2.12.12->org.scala-lang#scala-library;2.12.12 [compile->compile(*)]
loadData of org.scala-lang#scala-library;2.12.12 of rootConf=default
== resolving dependencies org.scala-lang#scala-compiler;2.12.12->org.scala-lang#scala-library;2.12.12 [compile->default]
loadData of org.scala-lang#scala-library;2.12.12 of rootConf=default
== resolving dependencies org.scala-lang#scala-compiler;2.12.12->org.scala-lang#scala-library;2.12.12 [compile->runtime]
loadData of org.scala-lang#scala-library;2.12.12 of rootConf=default
== resolving dependencies org.scala-lang#scala-compiler;2.12.12->org.scala-lang#scala-library;2.12.12 [compile->compile]
loadData of org.scala-lang#scala-library;2.12.12 of rootConf=default
== resolving dependencies org.scala-lang#scala-compiler;2.12.12->org.scala-lang#scala-library;2.12.12 [compile->master]
loadData of org.scala-lang#scala-library;2.12.12 of rootConf=default
== resolving dependencies org.scala-lang#scala-compiler;2.12.12->org.scala-lang#scala-library;2.12.12 [compile->runtime(*)]
loadData of org.scala-lang#scala-library;2.12.12 of rootConf=default
== resolving dependencies org.scala-lang#scala-compiler;2.12.12->org.scala-lang#scala-library;2.12.12 [compile->compile]
loadData of org.scala-lang#scala-library;2.12.12 of rootConf=default
default is loaded and no conf to load.  Skip loading
== resolving dependencies org.scala-lang#scala-compiler;2.12.12->org.scala-lang#scala-reflect;2.12.12 [compile->master(*)]
loadData of org.scala-lang#scala-reflect;2.12.12 of rootConf=default
	using redefined-public to resolve org.scala-lang#scala-reflect;2.12.12
redefined-public: Checking cache for: dependency: org.scala-lang#scala-reflect;2.12.12 {compile=[compile(*), master(*)], runtime=[runtime(*)]}
No entry is found in the ModuleDescriptorCache : /home/owner/.ivy2/cache/org.scala-lang/scala-reflect/ivy-2.12.12.xml
post 1.3 ivy file: using exact as default matcher
	resolver not found: null => trying to use the one configured for org.scala-lang#scala-reflect;2.12.12
	configured resolver found for org.scala-lang#scala-reflect;2.12.12: redefined-public: saving this data
	found ivy file in cache for org.scala-lang#scala-reflect;2.12.12 (resolved by redefined-public): /home/owner/.ivy2/cache/org.scala-lang/scala-reflect/ivy-2.12.12.xml
redefined-public: module revision found in cache: org.scala-lang#scala-reflect;2.12.12
	found org.scala-lang#scala-reflect;2.12.12 in redefined-public
== resolving dependencies org.scala-lang#scala-compiler;2.12.12->org.scala-lang#scala-reflect;2.12.12 [compile->compile(*)]
loadData of org.scala-lang#scala-reflect;2.12.12 of rootConf=default
== resolving dependencies org.scala-lang#scala-reflect;2.12.12->org.scala-lang#scala-library;2.12.12 [compile->master(*)]
loadData of org.scala-lang#scala-library;2.12.12 of rootConf=default
default is loaded and no conf to load.  Skip loading
== resolving dependencies org.scala-lang#scala-reflect;2.12.12->org.scala-lang#scala-library;2.12.12 [compile->compile(*)]
loadData of org.scala-lang#scala-library;2.12.12 of rootConf=default
default is loaded and no conf to load.  Skip loading
== resolving dependencies org.scala-lang#scala-compiler;2.12.12->org.scala-lang#scala-reflect;2.12.12 [compile->runtime(*)]
loadData of org.scala-lang#scala-reflect;2.12.12 of rootConf=default
== resolving dependencies org.scala-lang#scala-compiler;2.12.12->org.scala-lang#scala-reflect;2.12.12 [compile->compile]
loadData of org.scala-lang#scala-reflect;2.12.12 of rootConf=default
== resolving dependencies org.scala-lang#scala-reflect;2.12.12->org.scala-lang#scala-library;2.12.12 [runtime->runtime(*)]
loadData of org.scala-lang#scala-library;2.12.12 of rootConf=default
default is loaded and no conf to load.  Skip loading
== resolving dependencies org.scala-lang#scala-reflect;2.12.12->org.scala-lang#scala-library;2.12.12 [runtime->compile]
loadData of org.scala-lang#scala-library;2.12.12 of rootConf=default
default is loaded and no conf to load.  Skip loading
== resolving dependencies org.scala-lang#scala-compiler;2.12.12->org.scala-lang.modules#scala-xml_2.12;1.0.6 [compile->master(*)]
loadData of org.scala-lang.modules#scala-xml_2.12;1.0.6 of rootConf=default
	using redefined-public to resolve org.scala-lang.modules#scala-xml_2.12;1.0.6
redefined-public: Checking cache for: dependency: org.scala-lang.modules#scala-xml_2.12;1.0.6 {compile=[compile(*), master(*)], runtime=[runtime(*)]}
	no ivy file in cache for org.scala-lang.modules#scala-xml_2.12;1.0.6: tried /home/owner/.ivy2/cache/org.scala-lang.modules/scala-xml_2.12/ivy-1.0.6.xml
local: no namespace defined: using system
	no ivy file in cache for org.scala-lang.modules#scala-xml_2.12;1.0.6: tried /home/owner/.ivy2/cache/org.scala-lang.modules/scala-xml_2.12/ivy-1.0.6.xml
	 trying /home/owner/.ivy2/local/org.scala-lang.modules/scala-xml_2.12/1.0.6/ivys/ivy.xml
		tried /home/owner/.ivy2/local/org.scala-lang.modules/scala-xml_2.12/1.0.6/ivys/ivy.xml
	local: resource not reachable for org.scala-lang.modules#scala-xml_2.12;1.0.6: res=/home/owner/.ivy2/local/org.scala-lang.modules/scala-xml_2.12/1.0.6/ivys/ivy.xml
	 trying /home/owner/.ivy2/local/org.scala-lang.modules/scala-xml_2.12/1.0.6/jars/scala-xml_2.12.jar
		tried /home/owner/.ivy2/local/org.scala-lang.modules/scala-xml_2.12/1.0.6/jars/scala-xml_2.12.jar
	local: resource not reachable for org.scala-lang.modules#scala-xml_2.12;1.0.6: res=/home/owner/.ivy2/local/org.scala-lang.modules/scala-xml_2.12/1.0.6/jars/scala-xml_2.12.jar
	local: no ivy file nor artifact found for org.scala-lang.modules#scala-xml_2.12;1.0.6
local-preloaded-ivy: no namespace defined: using system
	no ivy file in cache for org.scala-lang.modules#scala-xml_2.12;1.0.6: tried /home/owner/.ivy2/cache/org.scala-lang.modules/scala-xml_2.12/ivy-1.0.6.xml
	 trying file:////home/owner/.sbt/preloaded/org.scala-lang.modules/scala-xml_2.12/1.0.6/ivys/ivy.xml
		tried file:////home/owner/.sbt/preloaded/org.scala-lang.modules/scala-xml_2.12/1.0.6/ivys/ivy.xml
	local-preloaded-ivy: resource not reachable for org.scala-lang.modules#scala-xml_2.12;1.0.6: res=file:////home/owner/.sbt/preloaded/org.scala-lang.modules/scala-xml_2.12/1.0.6/ivys/ivy.xml
	local-preloaded-ivy: no ivy file found for org.scala-lang.modules#scala-xml_2.12;1.0.6
local-preloaded: no namespace defined: using system
	no ivy file in cache for org.scala-lang.modules#scala-xml_2.12;1.0.6: tried /home/owner/.ivy2/cache/org.scala-lang.modules/scala-xml_2.12/ivy-1.0.6.xml
	 trying file:////home/owner/.sbt/preloaded/org/scala-lang/modules/scala-xml_2.12/1.0.6/scala-xml_2.12-1.0.6.pom
		tried file:////home/owner/.sbt/preloaded/org/scala-lang/modules/scala-xml_2.12/1.0.6/scala-xml_2.12-1.0.6.pom
	local-preloaded: resource not reachable for org/scala-lang/modules#scala-xml_2.12;1.0.6: res=file:////home/owner/.sbt/preloaded/org/scala-lang/modules/scala-xml_2.12/1.0.6/scala-xml_2.12-1.0.6.pom
	 trying file:////home/owner/.sbt/preloaded/org/scala-lang/modules/scala-xml_2.12/1.0.6/scala-xml_2.12-1.0.6.jar
		tried file:////home/owner/.sbt/preloaded/org/scala-lang/modules/scala-xml_2.12/1.0.6/scala-xml_2.12-1.0.6.jar
	local-preloaded: resource not reachable for org/scala-lang/modules#scala-xml_2.12;1.0.6: res=file:////home/owner/.sbt/preloaded/org/scala-lang/modules/scala-xml_2.12/1.0.6/scala-xml_2.12-1.0.6.jar
	local-preloaded: no ivy file nor artifact found for org.scala-lang.modules#scala-xml_2.12;1.0.6
Maven Central: no namespace defined: using system
	no ivy file in cache for org.scala-lang.modules#scala-xml_2.12;1.0.6: tried /home/owner/.ivy2/cache/org.scala-lang.modules/scala-xml_2.12/ivy-1.0.6.xml
	 trying https://repo1.maven.org/maven2/org/scala-lang/modules/scala-xml_2.12/1.0.6/scala-xml_2.12-1.0.6.pom
		tried https://repo1.maven.org/maven2/org/scala-lang/modules/scala-xml_2.12/1.0.6/scala-xml_2.12-1.0.6.pom
	Maven Central: found md file for org.scala-lang.modules#scala-xml_2.12;1.0.6
		=> https://repo1.maven.org/maven2/org/scala-lang/modules/scala-xml_2.12/1.0.6/scala-xml_2.12-1.0.6.pom (1.0.6)
	parser = pom parser
	no ivy file in cache for org.scala-lang.modules#scala-xml_2.12;1.0.6: tried /home/owner/.ivy2/cache/org.scala-lang.modules/scala-xml_2.12/ivy-1.0.6.xml
downloading https://repo1.maven.org/maven2/org/scala-lang/modules/scala-xml_2.12/1.0.6/scala-xml_2.12-1.0.6.pom ...
	Maven Central: downloading https://repo1.maven.org/maven2/org/scala-lang/modules/scala-xml_2.12/1.0.6/scala-xml_2.12-1.0.6.pom
		to /home/owner/.ivy2/cache/org.scala-lang.modules/scala-xml_2.12/ivy-1.0.6.xml.original.part
sha1 file found for https://repo1.maven.org/maven2/org/scala-lang/modules/scala-xml_2.12/1.0.6/scala-xml_2.12-1.0.6.pom: checking...
	Maven Central: downloading https://repo1.maven.org/maven2/org/scala-lang/modules/scala-xml_2.12/1.0.6/scala-xml_2.12-1.0.6.pom.sha1
		to /tmp/ivytmp8755901533935405323sha1
sha1 OK for https://repo1.maven.org/maven2/org/scala-lang/modules/scala-xml_2.12/1.0.6/scala-xml_2.12-1.0.6.pom
	[SUCCESSFUL ] org.scala-lang.modules#scala-xml_2.12;1.0.6!scala-xml_2.12.pom(pom.original) (18ms)
	 trying /home/owner/.ivy2/local/org.scala-lang.modules/scala-xml_2.12/1.0.6/bundles/scala-xml_2.12.jar
		tried /home/owner/.ivy2/local/org.scala-lang.modules/scala-xml_2.12/1.0.6/bundles/scala-xml_2.12.jar
	local: resource not reachable for org.scala-lang.modules#scala-xml_2.12;1.0.6: res=/home/owner/.ivy2/local/org.scala-lang.modules/scala-xml_2.12/1.0.6/bundles/scala-xml_2.12.jar
	 trying file:////home/owner/.sbt/preloaded/org.scala-lang.modules/scala-xml_2.12/1.0.6/bundles/scala-xml_2.12.jar
		tried file:////home/owner/.sbt/preloaded/org.scala-lang.modules/scala-xml_2.12/1.0.6/bundles/scala-xml_2.12.jar
	local-preloaded-ivy: resource not reachable for org.scala-lang.modules#scala-xml_2.12;1.0.6: res=file:////home/owner/.sbt/preloaded/org.scala-lang.modules/scala-xml_2.12/1.0.6/bundles/scala-xml_2.12.jar
	 trying file:////home/owner/.sbt/preloaded/org/scala-lang/modules/scala-xml_2.12/1.0.6/scala-xml_2.12-1.0.6.jar
		tried file:////home/owner/.sbt/preloaded/org/scala-lang/modules/scala-xml_2.12/1.0.6/scala-xml_2.12-1.0.6.jar
	local-preloaded: resource not reachable for org/scala-lang/modules#scala-xml_2.12;1.0.6: res=file:////home/owner/.sbt/preloaded/org/scala-lang/modules/scala-xml_2.12/1.0.6/scala-xml_2.12-1.0.6.jar
	 trying https://repo1.maven.org/maven2/org/scala-lang/modules/scala-xml_2.12/1.0.6/scala-xml_2.12-1.0.6.jar
		tried https://repo1.maven.org/maven2/org/scala-lang/modules/scala-xml_2.12/1.0.6/scala-xml_2.12-1.0.6.jar
no source artifact found for org.scala-lang.modules#scala-xml_2.12;1.0.6
no javadoc artifact found for org.scala-lang.modules#scala-xml_2.12;1.0.6
	default-cache: parsed downloaded md file for org.scala-lang.modules#scala-xml_2.12;1.0.6; parsed=org.scala-lang.modules#scala-xml_2.12;1.0.6
	checking org.scala-lang.modules#scala-xml_2.12;1.0.6 from Maven Central against [none]
	module revision kept as first found: org.scala-lang.modules#scala-xml_2.12;1.0.6 from Maven Central
	found org.scala-lang.modules#scala-xml_2.12;1.0.6 in Maven Central
== resolving dependencies org.scala-lang#scala-compiler;2.12.12->org.scala-lang.modules#scala-xml_2.12;1.0.6 [compile->compile(*)]
loadData of org.scala-lang.modules#scala-xml_2.12;1.0.6 of rootConf=default
excluding dependency: org.scala-lang#scala-library;2.12.0 {compile=[compile(*), master(*)], runtime=[runtime(*)]} in compile
== resolving dependencies org.scala-lang#scala-compiler;2.12.12->org.scala-lang.modules#scala-xml_2.12;1.0.6 [compile->runtime(*)]
loadData of org.scala-lang.modules#scala-xml_2.12;1.0.6 of rootConf=default
== resolving dependencies org.scala-lang#scala-compiler;2.12.12->org.scala-lang.modules#scala-xml_2.12;1.0.6 [compile->compile]
loadData of org.scala-lang.modules#scala-xml_2.12;1.0.6 of rootConf=default
excluding dependency: org.scala-lang#scala-library;2.12.0 {compile=[compile(*), master(*)], runtime=[runtime(*)]} in runtime
== resolving dependencies org.scala-lang#scala-compiler;2.12.12->org.scala-lang#scala-library;2.12.12 [runtime->runtime(*)]
loadData of org.scala-lang#scala-library;2.12.12 of rootConf=default
default is loaded and no conf to load.  Skip loading
== resolving dependencies org.scala-lang#scala-compiler;2.12.12->org.scala-lang#scala-library;2.12.12 [runtime->compile]
loadData of org.scala-lang#scala-library;2.12.12 of rootConf=default
default is loaded and no conf to load.  Skip loading
== resolving dependencies org.scala-lang#scala-compiler;2.12.12->org.scala-lang#scala-reflect;2.12.12 [runtime->runtime(*)]
loadData of org.scala-lang#scala-reflect;2.12.12 of rootConf=default
default is loaded and no conf to load.  Skip loading
== resolving dependencies org.scala-lang#scala-compiler;2.12.12->org.scala-lang#scala-reflect;2.12.12 [runtime->compile]
loadData of org.scala-lang#scala-reflect;2.12.12 of rootConf=default
default is loaded and no conf to load.  Skip loading
== resolving dependencies org.scala-lang#scala-compiler;2.12.12->org.scala-lang.modules#scala-xml_2.12;1.0.6 [runtime->runtime(*)]
loadData of org.scala-lang.modules#scala-xml_2.12;1.0.6 of rootConf=default
default is loaded and no conf to load.  Skip loading
== resolving dependencies org.scala-lang#scala-compiler;2.12.12->org.scala-lang.modules#scala-xml_2.12;1.0.6 [runtime->compile]
loadData of org.scala-lang.modules#scala-xml_2.12;1.0.6 of rootConf=default
default is loaded and no conf to load.  Skip loading
== resolving dependencies org.scala-sbt#boot-scala;1.0->org.scala-lang#scala-compiler;2.12.12 [default->master]
loadData of org.scala-lang#scala-compiler;2.12.12 of rootConf=default
== resolving dependencies org.scala-sbt#boot-scala;1.0->org.scala-lang#scala-compiler;2.12.12 [default->optional(default)]
loadData of org.scala-lang#scala-compiler;2.12.12 of rootConf=default
== resolving dependencies org.scala-lang#scala-compiler;2.12.12->jline#jline;2.14.6 [optional->master(*)]
loadData of jline#jline;2.14.6 of rootConf=default
	using redefined-public to resolve jline#jline;2.14.6
redefined-public: Checking cache for: dependency: jline#jline;2.14.6 {optional=[compile(*), master(*)]}
	no ivy file in cache for jline#jline;2.14.6: tried /home/owner/.ivy2/cache/jline/jline/ivy-2.14.6.xml
	no ivy file in cache for jline#jline;2.14.6: tried /home/owner/.ivy2/cache/jline/jline/ivy-2.14.6.xml
	 trying /home/owner/.ivy2/local/jline/jline/2.14.6/ivys/ivy.xml
		tried /home/owner/.ivy2/local/jline/jline/2.14.6/ivys/ivy.xml
	local: resource not reachable for jline#jline;2.14.6: res=/home/owner/.ivy2/local/jline/jline/2.14.6/ivys/ivy.xml
	 trying /home/owner/.ivy2/local/jline/jline/2.14.6/jars/jline.jar
		tried /home/owner/.ivy2/local/jline/jline/2.14.6/jars/jline.jar
	local: resource not reachable for jline#jline;2.14.6: res=/home/owner/.ivy2/local/jline/jline/2.14.6/jars/jline.jar
	local: no ivy file nor artifact found for jline#jline;2.14.6
	no ivy file in cache for jline#jline;2.14.6: tried /home/owner/.ivy2/cache/jline/jline/ivy-2.14.6.xml
	 trying file:////home/owner/.sbt/preloaded/jline/jline/2.14.6/ivys/ivy.xml
		tried file:////home/owner/.sbt/preloaded/jline/jline/2.14.6/ivys/ivy.xml
	local-preloaded-ivy: resource not reachable for jline#jline;2.14.6: res=file:////home/owner/.sbt/preloaded/jline/jline/2.14.6/ivys/ivy.xml
	local-preloaded-ivy: no ivy file found for jline#jline;2.14.6
	no ivy file in cache for jline#jline;2.14.6: tried /home/owner/.ivy2/cache/jline/jline/ivy-2.14.6.xml
	 trying file:////home/owner/.sbt/preloaded/jline/jline/2.14.6/jline-2.14.6.pom
		tried file:////home/owner/.sbt/preloaded/jline/jline/2.14.6/jline-2.14.6.pom
	local-preloaded: resource not reachable for jline#jline;2.14.6: res=file:////home/owner/.sbt/preloaded/jline/jline/2.14.6/jline-2.14.6.pom
	 trying file:////home/owner/.sbt/preloaded/jline/jline/2.14.6/jline-2.14.6.jar
		tried file:////home/owner/.sbt/preloaded/jline/jline/2.14.6/jline-2.14.6.jar
	local-preloaded: resource not reachable for jline#jline;2.14.6: res=file:////home/owner/.sbt/preloaded/jline/jline/2.14.6/jline-2.14.6.jar
	local-preloaded: no ivy file nor artifact found for jline#jline;2.14.6
	no ivy file in cache for jline#jline;2.14.6: tried /home/owner/.ivy2/cache/jline/jline/ivy-2.14.6.xml
	 trying https://repo1.maven.org/maven2/jline/jline/2.14.6/jline-2.14.6.pom
		tried https://repo1.maven.org/maven2/jline/jline/2.14.6/jline-2.14.6.pom
	Maven Central: found md file for jline#jline;2.14.6
		=> https://repo1.maven.org/maven2/jline/jline/2.14.6/jline-2.14.6.pom (2.14.6)
	parser = pom parser
	no ivy file in cache for jline#jline;2.14.6: tried /home/owner/.ivy2/cache/jline/jline/ivy-2.14.6.xml
downloading https://repo1.maven.org/maven2/jline/jline/2.14.6/jline-2.14.6.pom ...
	Maven Central: downloading https://repo1.maven.org/maven2/jline/jline/2.14.6/jline-2.14.6.pom
		to /home/owner/.ivy2/cache/jline/jline/ivy-2.14.6.xml.original.part
sha1 file found for https://repo1.maven.org/maven2/jline/jline/2.14.6/jline-2.14.6.pom: checking...
	Maven Central: downloading https://repo1.maven.org/maven2/jline/jline/2.14.6/jline-2.14.6.pom.sha1
		to /tmp/ivytmp8668209456384669657sha1
sha1 OK for https://repo1.maven.org/maven2/jline/jline/2.14.6/jline-2.14.6.pom
	[SUCCESSFUL ] jline#jline;2.14.6!jline.pom(pom.original) (22ms)
redefined-public: Checking cache for: dependency: org.sonatype.oss#oss-parent;9 {}
No entry is found in the ModuleDescriptorCache : /home/owner/.ivy2/cache/org.sonatype.oss/oss-parent/ivy-9.xml
post 1.3 ivy file: using exact as default matcher
	resolver not found: null => trying to use the one configured for org.sonatype.oss#oss-parent;9
	configured resolver found for org.sonatype.oss#oss-parent;9: redefined-public: saving this data
	found ivy file in cache for org.sonatype.oss#oss-parent;9 (resolved by redefined-public): /home/owner/.ivy2/cache/org.sonatype.oss/oss-parent/ivy-9.xml
redefined-public: module revision found in cache: org.sonatype.oss#oss-parent;9
	 trying /home/owner/.ivy2/local/jline/jline/2.14.6/jars/jline.jar
		tried /home/owner/.ivy2/local/jline/jline/2.14.6/jars/jline.jar
	local: resource not reachable for jline#jline;2.14.6: res=/home/owner/.ivy2/local/jline/jline/2.14.6/jars/jline.jar
	 trying file:////home/owner/.sbt/preloaded/jline/jline/2.14.6/jars/jline.jar
		tried file:////home/owner/.sbt/preloaded/jline/jline/2.14.6/jars/jline.jar
	local-preloaded-ivy: resource not reachable for jline#jline;2.14.6: res=file:////home/owner/.sbt/preloaded/jline/jline/2.14.6/jars/jline.jar
	 trying file:////home/owner/.sbt/preloaded/jline/jline/2.14.6/jline-2.14.6.jar
		tried file:////home/owner/.sbt/preloaded/jline/jline/2.14.6/jline-2.14.6.jar
	local-preloaded: resource not reachable for jline#jline;2.14.6: res=file:////home/owner/.sbt/preloaded/jline/jline/2.14.6/jline-2.14.6.jar
	 trying https://repo1.maven.org/maven2/jline/jline/2.14.6/jline-2.14.6.jar
		tried https://repo1.maven.org/maven2/jline/jline/2.14.6/jline-2.14.6.jar
no source artifact found for jline#jline;2.14.6
no javadoc artifact found for jline#jline;2.14.6
	default-cache: parsed downloaded md file for jline#jline;2.14.6; parsed=jline#jline;2.14.6
	checking jline#jline;2.14.6 from Maven Central against [none]
	module revision kept as first found: jline#jline;2.14.6 from Maven Central
	found jline#jline;2.14.6 in Maven Central
== resolving dependencies org.scala-lang#scala-compiler;2.12.12->jline#jline;2.14.6 [optional->compile(*)]
loadData of jline#jline;2.14.6 of rootConf=default
== resolving dependencies org.scala-lang#scala-compiler;2.12.12->org.fusesource.jansi#jansi;1.12 [optional->master(*)]
loadData of org.fusesource.jansi#jansi;1.12 of rootConf=default
	using redefined-public to resolve org.fusesource.jansi#jansi;1.12
redefined-public: Checking cache for: dependency: org.fusesource.jansi#jansi;1.12 {optional=[compile(*), master(*)]}
No entry is found in the ModuleDescriptorCache : /home/owner/.ivy2/cache/org.fusesource.jansi/jansi/ivy-1.12.xml
post 1.3 ivy file: using exact as default matcher
	resolver not found: null => trying to use the one configured for org.fusesource.jansi#jansi;1.12
	configured resolver found for org.fusesource.jansi#jansi;1.12: redefined-public: saving this data
	found ivy file in cache for org.fusesource.jansi#jansi;1.12 (resolved by redefined-public): /home/owner/.ivy2/cache/org.fusesource.jansi/jansi/ivy-1.12.xml
redefined-public: module revision found in cache: org.fusesource.jansi#jansi;1.12
	found org.fusesource.jansi#jansi;1.12 in redefined-public
== resolving dependencies org.scala-lang#scala-compiler;2.12.12->org.fusesource.jansi#jansi;1.12 [optional->compile(*)]
loadData of org.fusesource.jansi#jansi;1.12 of rootConf=default
== resolving dependencies org.scala-sbt#boot-scala;1.0->org.scala-lang#scala-library;2.12.12 [default->default]
loadData of org.scala-lang#scala-library;2.12.12 of rootConf=default
default is loaded and no conf to load.  Skip loading
== resolving dependencies org.scala-sbt#boot-scala;1.0->org.scala-lang#scala-library;2.12.12 [default->runtime]
loadData of org.scala-lang#scala-library;2.12.12 of rootConf=default
default is loaded and no conf to load.  Skip loading
== resolving dependencies org.scala-sbt#boot-scala;1.0->org.scala-lang#scala-library;2.12.12 [default->compile]
loadData of org.scala-lang#scala-library;2.12.12 of rootConf=default
default is loaded and no conf to load.  Skip loading
== resolving dependencies org.scala-sbt#boot-scala;1.0->org.scala-lang#scala-library;2.12.12 [default->master]
loadData of org.scala-lang#scala-library;2.12.12 of rootConf=default
default is loaded and no conf to load.  Skip loading
Nbr of module to sort : 6
Sort dependencies of : org.scala-lang#scala-compiler;2.12.12 / Number of dependencies = 5
Sort dependencies of : org.scala-lang#scala-library;2.12.12 / Number of dependencies = 0
Sort done for : org.scala-lang#scala-library;2.12.12
Sort dependencies of : org.scala-lang#scala-reflect;2.12.12 / Number of dependencies = 1
Module descriptor is processed : org.scala-lang#scala-library;2.12.12
Sort done for : org.scala-lang#scala-reflect;2.12.12
Sort dependencies of : org.scala-lang.modules#scala-xml_2.12;1.0.6 / Number of dependencies = 4
Non matching revision detected when sorting.  org.scala-lang.modules#scala-xml_2.12 depends on org.scala-lang#scala-compiler;2.12.0, doesn't match org.scala-lang#scala-compiler;2.12.12
Non matching revision detected when sorting.  org.scala-lang.modules#scala-xml_2.12 depends on org.scala-lang#scala-library;2.12.0, doesn't match org.scala-lang#scala-library;2.12.12
Sort done for : org.scala-lang.modules#scala-xml_2.12;1.0.6
Sort dependencies of : jline#jline;2.14.6 / Number of dependencies = 4
Sort done for : jline#jline;2.14.6
Sort dependencies of : org.fusesource.jansi#jansi;1.12 / Number of dependencies = 1
Sort done for : org.fusesource.jansi#jansi;1.12
Sort done for : org.scala-lang#scala-compiler;2.12.12
Module descriptor is processed : org.scala-lang#scala-library;2.12.12
Module descriptor is processed : org.scala-lang#scala-reflect;2.12.12
Module descriptor is processed : org.scala-lang.modules#scala-xml_2.12;1.0.6
Module descriptor is processed : jline#jline;2.14.6
Module descriptor is processed : org.fusesource.jansi#jansi;1.12
storing dependency org.scala-lang#scala-compiler;2.12.12 in props
storing dependency org.scala-lang#scala-library;2.12.12 in props
	resolved ivy file produced in cache
:: downloading artifacts ::
	[NOT REQUIRED] org.scala-lang#scala-compiler;2.12.12!scala-compiler.jar
	[NOT REQUIRED] org.scala-lang#scala-library;2.12.12!scala-library.jar
	[NOT REQUIRED] org.scala-lang#scala-reflect;2.12.12!scala-reflect.jar
	 trying https://repo1.maven.org/maven2/org/scala-lang/modules/scala-xml_2.12/1.0.6/scala-xml_2.12-1.0.6.jar
		tried https://repo1.maven.org/maven2/org/scala-lang/modules/scala-xml_2.12/1.0.6/scala-xml_2.12-1.0.6.jar
	 trying https://repo1.maven.org/maven2/jline/jline/2.14.6/jline-2.14.6.jar
		tried https://repo1.maven.org/maven2/jline/jline/2.14.6/jline-2.14.6.jar
	 trying /home/owner/.ivy2/local/org.fusesource.jansi/jansi/1.12/jars/jansi.jar
		tried /home/owner/.ivy2/local/org.fusesource.jansi/jansi/1.12/jars/jansi.jar
downloading https://repo1.maven.org/maven2/org/scala-lang/modules/scala-xml_2.12/1.0.6/scala-xml_2.12-1.0.6.jar ...
downloading https://repo1.maven.org/maven2/jline/jline/2.14.6/jline-2.14.6.jar ...
	local: resource not reachable for org.fusesource.jansi#jansi;1.12: res=/home/owner/.ivy2/local/org.fusesource.jansi/jansi/1.12/jars/jansi.jar
	Maven Central: downloading https://repo1.maven.org/maven2/org/scala-lang/modules/scala-xml_2.12/1.0.6/scala-xml_2.12-1.0.6.jar
		to /home/owner/.ivy2/cache/org.scala-lang.modules/scala-xml_2.12/bundles/scala-xml_2.12-1.0.6.jar.part
	 trying file:////home/owner/.sbt/preloaded/org.fusesource.jansi/jansi/1.12/jars/jansi.jar
		tried file:////home/owner/.sbt/preloaded/org.fusesource.jansi/jansi/1.12/jars/jansi.jar
	local-preloaded-ivy: resource not reachable for org.fusesource.jansi#jansi;1.12: res=file:////home/owner/.sbt/preloaded/org.fusesource.jansi/jansi/1.12/jars/jansi.jar
	Maven Central: downloading https://repo1.maven.org/maven2/jline/jline/2.14.6/jline-2.14.6.jar
		to /home/owner/.ivy2/cache/jline/jline/jars/jline-2.14.6.jar.part
	 trying file:////home/owner/.sbt/preloaded/org/fusesource/jansi/jansi/1.12/jansi-1.12.jar
		tried file:////home/owner/.sbt/preloaded/org/fusesource/jansi/jansi/1.12/jansi-1.12.jar
	local-preloaded: resource not reachable for org/fusesource/jansi#jansi;1.12: res=file:////home/owner/.sbt/preloaded/org/fusesource/jansi/jansi/1.12/jansi-1.12.jar
	 trying https://repo1.maven.org/maven2/org/fusesource/jansi/jansi/1.12/jansi-1.12.jar
		tried https://repo1.maven.org/maven2/org/fusesource/jansi/jansi/1.12/jansi-1.12.jar
downloading https://repo1.maven.org/maven2/org/fusesource/jansi/jansi/1.12/jansi-1.12.jar ...
	Maven Central: downloading https://repo1.maven.org/maven2/org/fusesource/jansi/jansi/1.12/jansi-1.12.jar
		to /home/owner/.ivy2/cache/org.fusesource.jansi/jansi/jars/jansi-1.12.jar.part
sha1 file found for https://repo1.maven.org/maven2/jline/jline/2.14.6/jline-2.14.6.jar: checking...
	Maven Central: downloading https://repo1.maven.org/maven2/jline/jline/2.14.6/jline-2.14.6.jar.sha1
		to /tmp/ivytmp7462654678172801760sha1
sha1 OK for https://repo1.maven.org/maven2/jline/jline/2.14.6/jline-2.14.6.jar
	[SUCCESSFUL ] jline#jline;2.14.6!jline.jar (181ms)
sha1 file found for https://repo1.maven.org/maven2/org/fusesource/jansi/jansi/1.12/jansi-1.12.jar: checking...
	Maven Central: downloading https://repo1.maven.org/maven2/org/fusesource/jansi/jansi/1.12/jansi-1.12.jar.sha1
		to /tmp/ivytmp3632368999171032988sha1
sha1 file found for https://repo1.maven.org/maven2/org/scala-lang/modules/scala-xml_2.12/1.0.6/scala-xml_2.12-1.0.6.jar: checking...
	Maven Central: downloading https://repo1.maven.org/maven2/org/scala-lang/modules/scala-xml_2.12/1.0.6/scala-xml_2.12-1.0.6.jar.sha1
		to /tmp/ivytmp5977539980762215040sha1
sha1 OK for https://repo1.maven.org/maven2/org/fusesource/jansi/jansi/1.12/jansi-1.12.jar
	[SUCCESSFUL ] org.fusesource.jansi#jansi;1.12!jansi.jar (200ms)
sha1 OK for https://repo1.maven.org/maven2/org/scala-lang/modules/scala-xml_2.12/1.0.6/scala-xml_2.12-1.0.6.jar
	[SUCCESSFUL ] org.scala-lang.modules#scala-xml_2.12;1.0.6!scala-xml_2.12.jar(bundle) (215ms)
:: resolution report :: resolve 499ms :: artifacts dl 218ms
Nbr of module to sort : 6
Sort dependencies of : org.scala-lang#scala-compiler;2.12.12 / Number of dependencies = 5
Sort dependencies of : org.scala-lang#scala-library;2.12.12 / Number of dependencies = 0
Sort done for : org.scala-lang#scala-library;2.12.12
Sort dependencies of : org.scala-lang#scala-reflect;2.12.12 / Number of dependencies = 1
Module descriptor is processed : org.scala-lang#scala-library;2.12.12
Sort done for : org.scala-lang#scala-reflect;2.12.12
Sort dependencies of : org.scala-lang.modules#scala-xml_2.12;1.0.6 / Number of dependencies = 4
Non matching revision detected when sorting.  org.scala-lang.modules#scala-xml_2.12 depends on org.scala-lang#scala-compiler;2.12.0, doesn't match org.scala-lang#scala-compiler;2.12.12
Non matching revision detected when sorting.  org.scala-lang.modules#scala-xml_2.12 depends on org.scala-lang#scala-library;2.12.0, doesn't match org.scala-lang#scala-library;2.12.12
Sort done for : org.scala-lang.modules#scala-xml_2.12;1.0.6
Sort dependencies of : jline#jline;2.14.6 / Number of dependencies = 4
Sort done for : jline#jline;2.14.6
Sort dependencies of : org.fusesource.jansi#jansi;1.12 / Number of dependencies = 1
Sort done for : org.fusesource.jansi#jansi;1.12
Sort done for : org.scala-lang#scala-compiler;2.12.12
Module descriptor is processed : org.scala-lang#scala-library;2.12.12
Module descriptor is processed : org.scala-lang#scala-reflect;2.12.12
Module descriptor is processed : org.scala-lang.modules#scala-xml_2.12;1.0.6
Module descriptor is processed : jline#jline;2.14.6
Module descriptor is processed : org.fusesource.jansi#jansi;1.12
	report for org.scala-sbt#boot-scala;1.0 default produced in /home/owner/.sbt/boot/resolution-cache/org.scala-sbt-boot-scala-default.xml
	resolve done (499ms resolve - 218ms download)
setting 'scala' to '2.12.12'
:: retrieving :: org.scala-sbt#boot-scala
	checkUpToDate=true
post 1.3 ivy file: using exact as default matcher
no explicit confs given for retrieve, using ivy file: file:/home/owner/.sbt/boot/resolution-cache/resolved-org.scala-sbt-boot-scala-1.0.xml
	confs: [default]
	retrieving /home/owner/.ivy2/cache/org.fusesource.jansi/jansi/jars/jansi-1.12.jar
	retrieving /home/owner/.ivy2/cache/org.scala-lang.modules/scala-xml_2.12/bundles/scala-xml_2.12-1.0.6.jar
	retrieving /home/owner/.ivy2/cache/org.scala-lang/scala-library/jars/scala-library-2.12.12.jar
	retrieving /home/owner/.ivy2/cache/org.scala-lang/scala-reflect/jars/scala-reflect-2.12.12.jar
	retrieving /home/owner/.ivy2/cache/org.scala-lang/scala-compiler/jars/scala-compiler-2.12.12.jar
	retrieving /home/owner/.ivy2/cache/jline/jline/jars/jline-2.14.6.jar
		to /home/owner/.sbt/boot/scala-2.12.12/lib/jansi.jar
		to /home/owner/.sbt/boot/scala-2.12.12/lib/scala-xml_2.12.jar
		to /home/owner/.sbt/boot/scala-2.12.12/lib/scala-library.jar
		to /home/owner/.sbt/boot/scala-2.12.12/lib/scala-reflect.jar
		to /home/owner/.sbt/boot/scala-2.12.12/lib/scala-compiler.jar
		to /home/owner/.sbt/boot/scala-2.12.12/lib/jline.jar
	6 artifacts copied, 0 already retrieved
	retrieve done (30ms)
